<?xml version="1.0" encoding="UTF-8"?>
<!-- Generated by org.testng.reporters.JUnitXMLReporter -->
<testsuite ignored="8" hostname="LTIN518915" failures="0" tests="50" name="Test" time="57.73" errors="0" timestamp="2024-05-08T14:07:25 IST">
  <testcase classname="testScenarios.TC_0001_SearchBookshelve" name="sendInSearch" time="1.508"/>
  <testcase classname="testScenarios.TC_0001_SearchBookshelve" name="clicksearch" time="1.858"/>
  <testcase classname="testScenarios.TC_0002_BookshelvesDetails" name="closePopUp" time="2.876"/>
  <testcase classname="testScenarios.TC_0002_BookshelvesDetails" name="scrollDown" time="0.118"/>
  <testcase classname="testScenarios.TC_0002_BookshelvesDetails" name="hoverCategory" time="0.176"/>
  <testcase classname="testScenarios.TC_0002_BookshelvesDetails" name="bookshelveCategory" time="0.166"/>
  <testcase classname="testScenarios.TC_0002_BookshelvesDetails" name="hoverToPrice" time="0.178"/>
  <testcase classname="testScenarios.TC_0002_BookshelvesDetails" name="waitPriceSlider" time="0.051"/>
  <testcase classname="testScenarios.TC_0002_BookshelvesDetails" name="slidePriceamount" time="2.698"/>
  <testcase classname="testScenarios.TC_0002_BookshelvesDetails" name="hoverSortBy" time="0.186"/>
  <testcase classname="testScenarios.TC_0002_BookshelvesDetails" name="sortAccToPrice" time="0.558"/>
  <testcase classname="testScenarios.TC_0002_BookshelvesDetails" name="inStock" time="0.223"/>
  <testcase classname="testScenarios.TC_0002_BookshelvesDetails" name="collectingBookShelvesList" time="6.082"/>
  <testcase classname="testScenarios.TC_0002_BookshelvesDetails" name="displayingBookShelves" time="0.002"/>
  <testcase classname="testScenarios.TC_0003_LivingMenuItems" name="scrollUp" time="0.102"/>
  <testcase classname="testScenarios.TC_0003_LivingMenuItems" name="hoverToLiving" time="0.162"/>
  <testcase classname="testScenarios.TC_0003_LivingMenuItems" name="waitforSubmenu" time="0.035"/>
  <testcase classname="testScenarios.TC_0003_LivingMenuItems" name="submenuSeatingandChairStoreInExcel" time="4.778"/>
  <testcase classname="testScenarios.TC_0003_LivingMenuItems" name="displaySubMenuSeatingandChair" time="2.029"/>
  <testcase classname="testScenarios.TC_0004_GiftCards" name="scrollPage" time="0.088"/>
  <testcase classname="testScenarios.TC_0004_GiftCards" name="clickGiftCardsButton" time="3.772"/>
  <testcase classname="testScenarios.TC_0004_GiftCards" name="loadTheJSONFile" time="0.051"/>
  <testcase classname="testScenarios.TC_0004_GiftCards" name="scrollDownToGiftsOptions" time="0.018"/>
  <testcase classname="testScenarios.TC_0004_GiftCards" name="selectBirthdayOrAnniversary" time="0.121"/>
  <testcase classname="testScenarios.TC_0004_GiftCards" name="enteringPriceAmount" time="0.15"/>
  <testcase classname="testScenarios.TC_0004_GiftCards" name="clickOnNextbtn" time="0.134"/>
  <testcase classname="testScenarios.TC_0004_GiftCards" name="enterNameofRecipient" time="0.179"/>
  <testcase classname="testScenarios.TC_0004_GiftCards" name="enterEmailofRecipient" time="0.141"/>
  <testcase classname="testScenarios.TC_0004_GiftCards" name="enterMobileofRecipient" time="0.115"/>
  <testcase classname="testScenarios.TC_0004_GiftCards" name="enterNameofCustomer" time="0.112"/>
  <testcase classname="testScenarios.TC_0004_GiftCards" name="enterEmailofCustomer" time="0.118"/>
  <testcase classname="testScenarios.TC_0004_GiftCards" name="enterMobileNumberofCustomer" time="0.108"/>
  <testcase classname="testScenarios.TC_0004_GiftCards" name="enterAddressofCustomer" time="0.101"/>
  <testcase classname="testScenarios.TC_0004_GiftCards" name="enterPinofCustomerPin" time="0.113"/>
  <testcase classname="testScenarios.TC_0004_GiftCards" name="enterMessageIfAny" time="0.132"/>
  <testcase classname="testScenarios.TC_0004_GiftCards" name="clickOnConfirmbtn" time="3.19"/>
  <testcase classname="testScenarios.TC_0004_GiftCards" name="getErrorMessage" time="0.017"/>
  <testcase classname="testScenarios.TC_0004_GiftCards" name="clearrecipientmail" time="0.107"/>
  <testcase classname="testScenarios.TC_0004_GiftCards" name="enterCorrectDeatils" time="0.104"/>
  <testcase classname="testScenarios.TC_0004_GiftCards" name="clickConfirmWithcorrectEmail" time="3.152"/>
  <testcase classname="testScenarios.TC_0004_GiftCards" name="confirmDetails" time="0.039"/>
  <testcase classname="testScenarios.TC_0005_ConfirmingFormDetails" name="confirmamountEnetered" time="0.066"/>
  <testcase classname="testScenarios.TC_0005_ConfirmingFormDetails" name="confirmrecipientName" time="0.071"/>
  <testcase classname="testScenarios.TC_0005_ConfirmingFormDetails" name="confirmrecipientEmail" time="0.051"/>
  <testcase classname="testScenarios.TC_0005_ConfirmingFormDetails" name="confirmrecipientMobile" time="0.046"/>
  <testcase classname="testScenarios.TC_0005_ConfirmingFormDetails" name="confirmcustomerName" time="0.052"/>
  <testcase classname="testScenarios.TC_0005_ConfirmingFormDetails" name="confirmcustomerEmail" time="0.056"/>
  <testcase classname="testScenarios.TC_0005_ConfirmingFormDetails" name="confirmcustomerMobile" time="0.065"/>
  <testcase classname="testScenarios.TC_0005_ConfirmingFormDetails" name="confirmcustomerCity" time="0.048"/>
  <testcase classname="testScenarios.TC_0005_ConfirmingFormDetails" name="confirmcustomerPinCode" time="0.046"/>
  <testcase classname="testBase.BaseClass" name="@BeforeTest driverSetup" time="0.0">
    <ignored/>
  </testcase> <!-- @BeforeTest driverSetup -->
  <testcase classname="testBase.BaseClass" name="@BeforeTest driverSetup" time="0.0">
    <ignored/>
  </testcase> <!-- @BeforeTest driverSetup -->
  <testcase classname="testBase.BaseClass" name="@AfterTest tearDown" time="0.0">
    <ignored/>
  </testcase> <!-- @AfterTest tearDown -->
  <testcase classname="testBase.BaseClass" name="@BeforeTest driverSetup" time="0.0">
    <ignored/>
  </testcase> <!-- @BeforeTest driverSetup -->
  <testcase classname="testBase.BaseClass" name="@AfterTest tearDown" time="0.0">
    <ignored/>
  </testcase> <!-- @AfterTest tearDown -->
  <testcase classname="testBase.BaseClass" name="@AfterTest tearDown" time="0.0">
    <ignored/>
  </testcase> <!-- @AfterTest tearDown -->
  <testcase classname="testBase.BaseClass" name="@BeforeTest driverSetup" time="0.0">
    <ignored/>
  </testcase> <!-- @BeforeTest driverSetup -->
  <testcase classname="testBase.BaseClass" name="@AfterTest tearDown" time="0.0">
    <ignored/>
  </testcase> <!-- @AfterTest tearDown -->
</testsuite> <!-- Test -->
