<?xml version="1.0" encoding="UTF-8"?>
<testng-results ignored="0" total="50" passed="50" failed="0" skipped="0">
  <reporter-output>
  </reporter-output>
  <suite started-at="2024-05-08T14:06:26 IST" name="Suite" finished-at="2024-05-08T14:07:24 IST" duration-ms="57730">
    <groups>
      <group name="Smoke Test two">
        <method signature="TC_0004_GiftCards.scrollPage()[pri:20, instance:testScenarios.TC_0004_GiftCards@210ab13f]" name="scrollPage" class="testScenarios.TC_0004_GiftCards"/>
        <method signature="TC_0004_GiftCards.clickGiftCardsButton()[pri:21, instance:testScenarios.TC_0004_GiftCards@210ab13f]" name="clickGiftCardsButton" class="testScenarios.TC_0004_GiftCards"/>
        <method signature="TC_0004_GiftCards.loadTheJSONFile()[pri:22, instance:testScenarios.TC_0004_GiftCards@210ab13f]" name="loadTheJSONFile" class="testScenarios.TC_0004_GiftCards"/>
        <method signature="TC_0004_GiftCards.scrollDownToGiftsOptions()[pri:23, instance:testScenarios.TC_0004_GiftCards@210ab13f]" name="scrollDownToGiftsOptions" class="testScenarios.TC_0004_GiftCards"/>
        <method signature="TC_0004_GiftCards.selectBirthdayOrAnniversary()[pri:24, instance:testScenarios.TC_0004_GiftCards@210ab13f]" name="selectBirthdayOrAnniversary" class="testScenarios.TC_0004_GiftCards"/>
        <method signature="TC_0004_GiftCards.enteringPriceAmount()[pri:25, instance:testScenarios.TC_0004_GiftCards@210ab13f]" name="enteringPriceAmount" class="testScenarios.TC_0004_GiftCards"/>
        <method signature="TC_0004_GiftCards.clickOnNextbtn()[pri:26, instance:testScenarios.TC_0004_GiftCards@210ab13f]" name="clickOnNextbtn" class="testScenarios.TC_0004_GiftCards"/>
        <method signature="TC_0004_GiftCards.enterNameofRecipient()[pri:27, instance:testScenarios.TC_0004_GiftCards@210ab13f]" name="enterNameofRecipient" class="testScenarios.TC_0004_GiftCards"/>
        <method signature="TC_0004_GiftCards.enterEmailofRecipient()[pri:28, instance:testScenarios.TC_0004_GiftCards@210ab13f]" name="enterEmailofRecipient" class="testScenarios.TC_0004_GiftCards"/>
        <method signature="TC_0004_GiftCards.enterMobileofRecipient()[pri:29, instance:testScenarios.TC_0004_GiftCards@210ab13f]" name="enterMobileofRecipient" class="testScenarios.TC_0004_GiftCards"/>
        <method signature="TC_0004_GiftCards.enterNameofCustomer()[pri:30, instance:testScenarios.TC_0004_GiftCards@210ab13f]" name="enterNameofCustomer" class="testScenarios.TC_0004_GiftCards"/>
        <method signature="TC_0004_GiftCards.enterEmailofCustomer()[pri:31, instance:testScenarios.TC_0004_GiftCards@210ab13f]" name="enterEmailofCustomer" class="testScenarios.TC_0004_GiftCards"/>
        <method signature="TC_0004_GiftCards.enterMobileNumberofCustomer()[pri:32, instance:testScenarios.TC_0004_GiftCards@210ab13f]" name="enterMobileNumberofCustomer" class="testScenarios.TC_0004_GiftCards"/>
        <method signature="TC_0004_GiftCards.enterAddressofCustomer()[pri:33, instance:testScenarios.TC_0004_GiftCards@210ab13f]" name="enterAddressofCustomer" class="testScenarios.TC_0004_GiftCards"/>
        <method signature="TC_0004_GiftCards.enterPinofCustomerPin()[pri:34, instance:testScenarios.TC_0004_GiftCards@210ab13f]" name="enterPinofCustomerPin" class="testScenarios.TC_0004_GiftCards"/>
        <method signature="TC_0004_GiftCards.enterMessageIfAny()[pri:35, instance:testScenarios.TC_0004_GiftCards@210ab13f]" name="enterMessageIfAny" class="testScenarios.TC_0004_GiftCards"/>
        <method signature="TC_0004_GiftCards.clickOnConfirmbtn()[pri:36, instance:testScenarios.TC_0004_GiftCards@210ab13f]" name="clickOnConfirmbtn" class="testScenarios.TC_0004_GiftCards"/>
        <method signature="TC_0004_GiftCards.getErrorMessage()[pri:37, instance:testScenarios.TC_0004_GiftCards@210ab13f]" name="getErrorMessage" class="testScenarios.TC_0004_GiftCards"/>
        <method signature="TC_0004_GiftCards.clearrecipientmail()[pri:38, instance:testScenarios.TC_0004_GiftCards@210ab13f]" name="clearrecipientmail" class="testScenarios.TC_0004_GiftCards"/>
        <method signature="TC_0004_GiftCards.enterCorrectDeatils()[pri:39, instance:testScenarios.TC_0004_GiftCards@210ab13f]" name="enterCorrectDeatils" class="testScenarios.TC_0004_GiftCards"/>
        <method signature="TC_0004_GiftCards.clickConfirmWithcorrectEmail()[pri:40, instance:testScenarios.TC_0004_GiftCards@210ab13f]" name="clickConfirmWithcorrectEmail" class="testScenarios.TC_0004_GiftCards"/>
        <method signature="TC_0004_GiftCards.confirmDetails()[pri:41, instance:testScenarios.TC_0004_GiftCards@210ab13f]" name="confirmDetails" class="testScenarios.TC_0004_GiftCards"/>
      </group> <!-- Smoke Test two -->
      <group name="Regression Test two">
        <method signature="TC_0005_ConfirmingFormDetails.confirmamountEnetered()[pri:42, instance:testScenarios.TC_0005_ConfirmingFormDetails@20b2475a]" name="confirmamountEnetered" class="testScenarios.TC_0005_ConfirmingFormDetails"/>
        <method signature="TC_0005_ConfirmingFormDetails.confirmrecipientName()[pri:43, instance:testScenarios.TC_0005_ConfirmingFormDetails@20b2475a]" name="confirmrecipientName" class="testScenarios.TC_0005_ConfirmingFormDetails"/>
        <method signature="TC_0005_ConfirmingFormDetails.confirmrecipientEmail()[pri:44, instance:testScenarios.TC_0005_ConfirmingFormDetails@20b2475a]" name="confirmrecipientEmail" class="testScenarios.TC_0005_ConfirmingFormDetails"/>
        <method signature="TC_0005_ConfirmingFormDetails.confirmrecipientMobile()[pri:45, instance:testScenarios.TC_0005_ConfirmingFormDetails@20b2475a]" name="confirmrecipientMobile" class="testScenarios.TC_0005_ConfirmingFormDetails"/>
        <method signature="TC_0005_ConfirmingFormDetails.confirmcustomerName()[pri:46, instance:testScenarios.TC_0005_ConfirmingFormDetails@20b2475a]" name="confirmcustomerName" class="testScenarios.TC_0005_ConfirmingFormDetails"/>
        <method signature="TC_0005_ConfirmingFormDetails.confirmcustomerEmail()[pri:47, instance:testScenarios.TC_0005_ConfirmingFormDetails@20b2475a]" name="confirmcustomerEmail" class="testScenarios.TC_0005_ConfirmingFormDetails"/>
        <method signature="TC_0005_ConfirmingFormDetails.confirmcustomerMobile()[pri:48, instance:testScenarios.TC_0005_ConfirmingFormDetails@20b2475a]" name="confirmcustomerMobile" class="testScenarios.TC_0005_ConfirmingFormDetails"/>
        <method signature="TC_0005_ConfirmingFormDetails.confirmcustomerCity()[pri:49, instance:testScenarios.TC_0005_ConfirmingFormDetails@20b2475a]" name="confirmcustomerCity" class="testScenarios.TC_0005_ConfirmingFormDetails"/>
        <method signature="TC_0005_ConfirmingFormDetails.confirmcustomerPinCode()[pri:50, instance:testScenarios.TC_0005_ConfirmingFormDetails@20b2475a]" name="confirmcustomerPinCode" class="testScenarios.TC_0005_ConfirmingFormDetails"/>
      </group> <!-- Regression Test two -->
      <group name="Smoke Test one">
        <method signature="TC_0001_SearchBookshelve.sendInSearch()[pri:1, instance:testScenarios.TC_0001_SearchBookshelve@3932c79a]" name="sendInSearch" class="testScenarios.TC_0001_SearchBookshelve"/>
        <method signature="TC_0001_SearchBookshelve.clicksearch()[pri:2, instance:testScenarios.TC_0001_SearchBookshelve@3932c79a]" name="clicksearch" class="testScenarios.TC_0001_SearchBookshelve"/>
        <method signature="TC_0002_BookshelvesDetails.closePopUp()[pri:3, instance:testScenarios.TC_0002_BookshelvesDetails@6f43c82]" name="closePopUp" class="testScenarios.TC_0002_BookshelvesDetails"/>
        <method signature="TC_0002_BookshelvesDetails.scrollDown()[pri:4, instance:testScenarios.TC_0002_BookshelvesDetails@6f43c82]" name="scrollDown" class="testScenarios.TC_0002_BookshelvesDetails"/>
        <method signature="TC_0002_BookshelvesDetails.hoverCategory()[pri:5, instance:testScenarios.TC_0002_BookshelvesDetails@6f43c82]" name="hoverCategory" class="testScenarios.TC_0002_BookshelvesDetails"/>
        <method signature="TC_0002_BookshelvesDetails.bookshelveCategory()[pri:6, instance:testScenarios.TC_0002_BookshelvesDetails@6f43c82]" name="bookshelveCategory" class="testScenarios.TC_0002_BookshelvesDetails"/>
        <method signature="TC_0002_BookshelvesDetails.hoverToPrice()[pri:7, instance:testScenarios.TC_0002_BookshelvesDetails@6f43c82]" name="hoverToPrice" class="testScenarios.TC_0002_BookshelvesDetails"/>
        <method signature="TC_0002_BookshelvesDetails.waitPriceSlider()[pri:8, instance:testScenarios.TC_0002_BookshelvesDetails@6f43c82]" name="waitPriceSlider" class="testScenarios.TC_0002_BookshelvesDetails"/>
        <method signature="TC_0002_BookshelvesDetails.slidePriceamount()[pri:9, instance:testScenarios.TC_0002_BookshelvesDetails@6f43c82]" name="slidePriceamount" class="testScenarios.TC_0002_BookshelvesDetails"/>
        <method signature="TC_0002_BookshelvesDetails.hoverSortBy()[pri:10, instance:testScenarios.TC_0002_BookshelvesDetails@6f43c82]" name="hoverSortBy" class="testScenarios.TC_0002_BookshelvesDetails"/>
        <method signature="TC_0002_BookshelvesDetails.sortAccToPrice()[pri:11, instance:testScenarios.TC_0002_BookshelvesDetails@6f43c82]" name="sortAccToPrice" class="testScenarios.TC_0002_BookshelvesDetails"/>
        <method signature="TC_0002_BookshelvesDetails.inStock()[pri:12, instance:testScenarios.TC_0002_BookshelvesDetails@6f43c82]" name="inStock" class="testScenarios.TC_0002_BookshelvesDetails"/>
        <method signature="TC_0002_BookshelvesDetails.collectingBookShelvesList()[pri:13, instance:testScenarios.TC_0002_BookshelvesDetails@6f43c82]" name="collectingBookShelvesList" class="testScenarios.TC_0002_BookshelvesDetails"/>
        <method signature="TC_0002_BookshelvesDetails.displayingBookShelves()[pri:14, instance:testScenarios.TC_0002_BookshelvesDetails@6f43c82]" name="displayingBookShelves" class="testScenarios.TC_0002_BookshelvesDetails"/>
      </group> <!-- Smoke Test one -->
      <group name="Regression Test one">
        <method signature="TC_0003_LivingMenuItems.scrollUp()[pri:15, instance:testScenarios.TC_0003_LivingMenuItems@5db6b9cd]" name="scrollUp" class="testScenarios.TC_0003_LivingMenuItems"/>
        <method signature="TC_0003_LivingMenuItems.hoverToLiving()[pri:16, instance:testScenarios.TC_0003_LivingMenuItems@5db6b9cd]" name="hoverToLiving" class="testScenarios.TC_0003_LivingMenuItems"/>
        <method signature="TC_0003_LivingMenuItems.waitforSubmenu()[pri:17, instance:testScenarios.TC_0003_LivingMenuItems@5db6b9cd]" name="waitforSubmenu" class="testScenarios.TC_0003_LivingMenuItems"/>
        <method signature="TC_0003_LivingMenuItems.submenuSeatingandChairStoreInExcel()[pri:18, instance:testScenarios.TC_0003_LivingMenuItems@5db6b9cd]" name="submenuSeatingandChairStoreInExcel" class="testScenarios.TC_0003_LivingMenuItems"/>
        <method signature="TC_0003_LivingMenuItems.displaySubMenuSeatingandChair()[pri:19, instance:testScenarios.TC_0003_LivingMenuItems@5db6b9cd]" name="displaySubMenuSeatingandChair" class="testScenarios.TC_0003_LivingMenuItems"/>
      </group> <!-- Regression Test one -->
    </groups>
    <test started-at="2024-05-08T14:06:26 IST" name="Test" finished-at="2024-05-08T14:07:24 IST" duration-ms="57730">
      <class name="testScenarios.TC_0001_SearchBookshelve">
        <test-method is-config="true" signature="driverSetup(java.lang.String,java.lang.String)[pri:0, instance:testScenarios.TC_0001_SearchBookshelve@3932c79a]" started-at="2024-05-08T14:06:26 IST" name="driverSetup" finished-at="2024-05-08T14:06:32 IST" duration-ms="5888" status="PASS">
          <params>
            <param index="0">
              <value>
                <![CDATA[windows]]>
              </value>
            </param>
            <param index="1">
              <value>
                <![CDATA[chrome]]>
              </value>
            </param>
          </params>
          <reporter-output>
          </reporter-output>
        </test-method> <!-- driverSetup -->
        <test-method signature="sendInSearch()[pri:1, instance:testScenarios.TC_0001_SearchBookshelve@3932c79a]" started-at="2024-05-08T14:06:32 IST" name="sendInSearch" finished-at="2024-05-08T14:06:34 IST" duration-ms="1508" status="PASS">
          <reporter-output>
          </reporter-output>
        </test-method> <!-- sendInSearch -->
        <test-method signature="clicksearch()[pri:2, instance:testScenarios.TC_0001_SearchBookshelve@3932c79a]" started-at="2024-05-08T14:06:35 IST" name="clicksearch" finished-at="2024-05-08T14:06:36 IST" duration-ms="1858" status="PASS">
          <reporter-output>
          </reporter-output>
        </test-method> <!-- clicksearch -->
        <test-method is-config="true" signature="tearDown()[pri:0, instance:testScenarios.TC_0001_SearchBookshelve@3932c79a]" started-at="2024-05-08T14:07:22 IST" name="tearDown" finished-at="2024-05-08T14:07:24 IST" duration-ms="1380" status="PASS">
          <reporter-output>
          </reporter-output>
        </test-method> <!-- tearDown -->
      </class> <!-- testScenarios.TC_0001_SearchBookshelve -->
      <class name="testScenarios.TC_0005_ConfirmingFormDetails">
        <test-method signature="confirmamountEnetered()[pri:42, instance:testScenarios.TC_0005_ConfirmingFormDetails@20b2475a]" started-at="2024-05-08T14:07:19 IST" name="confirmamountEnetered" finished-at="2024-05-08T14:07:19 IST" duration-ms="66" status="PASS">
          <reporter-output>
          </reporter-output>
        </test-method> <!-- confirmamountEnetered -->
        <test-method signature="confirmrecipientName()[pri:43, instance:testScenarios.TC_0005_ConfirmingFormDetails@20b2475a]" started-at="2024-05-08T14:07:20 IST" name="confirmrecipientName" finished-at="2024-05-08T14:07:20 IST" duration-ms="71" status="PASS">
          <reporter-output>
          </reporter-output>
        </test-method> <!-- confirmrecipientName -->
        <test-method signature="confirmrecipientEmail()[pri:44, instance:testScenarios.TC_0005_ConfirmingFormDetails@20b2475a]" started-at="2024-05-08T14:07:20 IST" name="confirmrecipientEmail" finished-at="2024-05-08T14:07:20 IST" duration-ms="51" status="PASS">
          <reporter-output>
          </reporter-output>
        </test-method> <!-- confirmrecipientEmail -->
        <test-method signature="confirmrecipientMobile()[pri:45, instance:testScenarios.TC_0005_ConfirmingFormDetails@20b2475a]" started-at="2024-05-08T14:07:20 IST" name="confirmrecipientMobile" finished-at="2024-05-08T14:07:20 IST" duration-ms="46" status="PASS">
          <reporter-output>
          </reporter-output>
        </test-method> <!-- confirmrecipientMobile -->
        <test-method signature="confirmcustomerName()[pri:46, instance:testScenarios.TC_0005_ConfirmingFormDetails@20b2475a]" started-at="2024-05-08T14:07:21 IST" name="confirmcustomerName" finished-at="2024-05-08T14:07:21 IST" duration-ms="52" status="PASS">
          <reporter-output>
          </reporter-output>
        </test-method> <!-- confirmcustomerName -->
        <test-method signature="confirmcustomerEmail()[pri:47, instance:testScenarios.TC_0005_ConfirmingFormDetails@20b2475a]" started-at="2024-05-08T14:07:21 IST" name="confirmcustomerEmail" finished-at="2024-05-08T14:07:21 IST" duration-ms="56" status="PASS">
          <reporter-output>
          </reporter-output>
        </test-method> <!-- confirmcustomerEmail -->
        <test-method signature="confirmcustomerMobile()[pri:48, instance:testScenarios.TC_0005_ConfirmingFormDetails@20b2475a]" started-at="2024-05-08T14:07:21 IST" name="confirmcustomerMobile" finished-at="2024-05-08T14:07:21 IST" duration-ms="65" status="PASS">
          <reporter-output>
          </reporter-output>
        </test-method> <!-- confirmcustomerMobile -->
        <test-method signature="confirmcustomerCity()[pri:49, instance:testScenarios.TC_0005_ConfirmingFormDetails@20b2475a]" started-at="2024-05-08T14:07:22 IST" name="confirmcustomerCity" finished-at="2024-05-08T14:07:22 IST" duration-ms="48" status="PASS">
          <reporter-output>
          </reporter-output>
        </test-method> <!-- confirmcustomerCity -->
        <test-method signature="confirmcustomerPinCode()[pri:50, instance:testScenarios.TC_0005_ConfirmingFormDetails@20b2475a]" started-at="2024-05-08T14:07:22 IST" name="confirmcustomerPinCode" finished-at="2024-05-08T14:07:22 IST" duration-ms="46" status="PASS">
          <reporter-output>
          </reporter-output>
        </test-method> <!-- confirmcustomerPinCode -->
      </class> <!-- testScenarios.TC_0005_ConfirmingFormDetails -->
      <class name="testScenarios.TC_0002_BookshelvesDetails">
        <test-method signature="closePopUp()[pri:3, instance:testScenarios.TC_0002_BookshelvesDetails@6f43c82]" started-at="2024-05-08T14:06:37 IST" name="closePopUp" finished-at="2024-05-08T14:06:40 IST" duration-ms="2876" status="PASS">
          <reporter-output>
          </reporter-output>
        </test-method> <!-- closePopUp -->
        <test-method signature="scrollDown()[pri:4, instance:testScenarios.TC_0002_BookshelvesDetails@6f43c82]" started-at="2024-05-08T14:06:40 IST" name="scrollDown" finished-at="2024-05-08T14:06:40 IST" duration-ms="118" status="PASS">
          <reporter-output>
          </reporter-output>
        </test-method> <!-- scrollDown -->
        <test-method signature="hoverCategory()[pri:5, instance:testScenarios.TC_0002_BookshelvesDetails@6f43c82]" started-at="2024-05-08T14:06:41 IST" name="hoverCategory" finished-at="2024-05-08T14:06:41 IST" duration-ms="176" status="PASS">
          <reporter-output>
          </reporter-output>
        </test-method> <!-- hoverCategory -->
        <test-method signature="bookshelveCategory()[pri:6, instance:testScenarios.TC_0002_BookshelvesDetails@6f43c82]" started-at="2024-05-08T14:06:41 IST" name="bookshelveCategory" finished-at="2024-05-08T14:06:41 IST" duration-ms="166" status="PASS">
          <reporter-output>
          </reporter-output>
        </test-method> <!-- bookshelveCategory -->
        <test-method signature="hoverToPrice()[pri:7, instance:testScenarios.TC_0002_BookshelvesDetails@6f43c82]" started-at="2024-05-08T14:06:42 IST" name="hoverToPrice" finished-at="2024-05-08T14:06:42 IST" duration-ms="178" status="PASS">
          <reporter-output>
          </reporter-output>
        </test-method> <!-- hoverToPrice -->
        <test-method signature="waitPriceSlider()[pri:8, instance:testScenarios.TC_0002_BookshelvesDetails@6f43c82]" started-at="2024-05-08T14:06:42 IST" name="waitPriceSlider" finished-at="2024-05-08T14:06:42 IST" duration-ms="51" status="PASS">
          <reporter-output>
          </reporter-output>
        </test-method> <!-- waitPriceSlider -->
        <test-method signature="slidePriceamount()[pri:9, instance:testScenarios.TC_0002_BookshelvesDetails@6f43c82]" started-at="2024-05-08T14:06:43 IST" name="slidePriceamount" finished-at="2024-05-08T14:06:45 IST" duration-ms="2698" status="PASS">
          <reporter-output>
          </reporter-output>
        </test-method> <!-- slidePriceamount -->
        <test-method signature="hoverSortBy()[pri:10, instance:testScenarios.TC_0002_BookshelvesDetails@6f43c82]" started-at="2024-05-08T14:06:46 IST" name="hoverSortBy" finished-at="2024-05-08T14:06:46 IST" duration-ms="186" status="PASS">
          <reporter-output>
          </reporter-output>
        </test-method> <!-- hoverSortBy -->
        <test-method signature="sortAccToPrice()[pri:11, instance:testScenarios.TC_0002_BookshelvesDetails@6f43c82]" started-at="2024-05-08T14:06:46 IST" name="sortAccToPrice" finished-at="2024-05-08T14:06:47 IST" duration-ms="558" status="PASS">
          <reporter-output>
          </reporter-output>
        </test-method> <!-- sortAccToPrice -->
        <test-method signature="inStock()[pri:12, instance:testScenarios.TC_0002_BookshelvesDetails@6f43c82]" started-at="2024-05-08T14:06:47 IST" name="inStock" finished-at="2024-05-08T14:06:47 IST" duration-ms="223" status="PASS">
          <reporter-output>
          </reporter-output>
        </test-method> <!-- inStock -->
        <test-method signature="collectingBookShelvesList()[pri:13, instance:testScenarios.TC_0002_BookshelvesDetails@6f43c82]" started-at="2024-05-08T14:06:48 IST" name="collectingBookShelvesList" finished-at="2024-05-08T14:06:54 IST" duration-ms="6082" status="PASS">
          <reporter-output>
          </reporter-output>
        </test-method> <!-- collectingBookShelvesList -->
        <test-method signature="displayingBookShelves()[pri:14, instance:testScenarios.TC_0002_BookshelvesDetails@6f43c82]" started-at="2024-05-08T14:06:54 IST" name="displayingBookShelves" finished-at="2024-05-08T14:06:54 IST" duration-ms="2" status="PASS">
          <reporter-output>
          </reporter-output>
        </test-method> <!-- displayingBookShelves -->
      </class> <!-- testScenarios.TC_0002_BookshelvesDetails -->
      <class name="testScenarios.TC_0003_LivingMenuItems">
        <test-method signature="scrollUp()[pri:15, instance:testScenarios.TC_0003_LivingMenuItems@5db6b9cd]" started-at="2024-05-08T14:06:54 IST" name="scrollUp" finished-at="2024-05-08T14:06:55 IST" duration-ms="102" status="PASS">
          <reporter-output>
          </reporter-output>
        </test-method> <!-- scrollUp -->
        <test-method signature="hoverToLiving()[pri:16, instance:testScenarios.TC_0003_LivingMenuItems@5db6b9cd]" started-at="2024-05-08T14:06:55 IST" name="hoverToLiving" finished-at="2024-05-08T14:06:55 IST" duration-ms="162" status="PASS">
          <reporter-output>
          </reporter-output>
        </test-method> <!-- hoverToLiving -->
        <test-method signature="waitforSubmenu()[pri:17, instance:testScenarios.TC_0003_LivingMenuItems@5db6b9cd]" started-at="2024-05-08T14:06:55 IST" name="waitforSubmenu" finished-at="2024-05-08T14:06:55 IST" duration-ms="35" status="PASS">
          <reporter-output>
          </reporter-output>
        </test-method> <!-- waitforSubmenu -->
        <test-method signature="submenuSeatingandChairStoreInExcel()[pri:18, instance:testScenarios.TC_0003_LivingMenuItems@5db6b9cd]" started-at="2024-05-08T14:06:55 IST" name="submenuSeatingandChairStoreInExcel" finished-at="2024-05-08T14:07:00 IST" duration-ms="4778" status="PASS">
          <reporter-output>
          </reporter-output>
        </test-method> <!-- submenuSeatingandChairStoreInExcel -->
        <test-method signature="displaySubMenuSeatingandChair()[pri:19, instance:testScenarios.TC_0003_LivingMenuItems@5db6b9cd]" started-at="2024-05-08T14:07:00 IST" name="displaySubMenuSeatingandChair" finished-at="2024-05-08T14:07:02 IST" duration-ms="2029" status="PASS">
          <reporter-output>
          </reporter-output>
        </test-method> <!-- displaySubMenuSeatingandChair -->
      </class> <!-- testScenarios.TC_0003_LivingMenuItems -->
      <class name="testScenarios.TC_0004_GiftCards">
        <test-method signature="scrollPage()[pri:20, instance:testScenarios.TC_0004_GiftCards@210ab13f]" started-at="2024-05-08T14:07:03 IST" name="scrollPage" finished-at="2024-05-08T14:07:03 IST" duration-ms="88" status="PASS">
          <reporter-output>
          </reporter-output>
        </test-method> <!-- scrollPage -->
        <test-method signature="clickGiftCardsButton()[pri:21, instance:testScenarios.TC_0004_GiftCards@210ab13f]" started-at="2024-05-08T14:07:03 IST" name="clickGiftCardsButton" finished-at="2024-05-08T14:07:07 IST" duration-ms="3772" status="PASS">
          <reporter-output>
          </reporter-output>
        </test-method> <!-- clickGiftCardsButton -->
        <test-method signature="loadTheJSONFile()[pri:22, instance:testScenarios.TC_0004_GiftCards@210ab13f]" started-at="2024-05-08T14:07:07 IST" name="loadTheJSONFile" finished-at="2024-05-08T14:07:07 IST" duration-ms="51" status="PASS">
          <reporter-output>
          </reporter-output>
        </test-method> <!-- loadTheJSONFile -->
        <test-method signature="scrollDownToGiftsOptions()[pri:23, instance:testScenarios.TC_0004_GiftCards@210ab13f]" started-at="2024-05-08T14:07:08 IST" name="scrollDownToGiftsOptions" finished-at="2024-05-08T14:07:08 IST" duration-ms="18" status="PASS">
          <reporter-output>
          </reporter-output>
        </test-method> <!-- scrollDownToGiftsOptions -->
        <test-method signature="selectBirthdayOrAnniversary()[pri:24, instance:testScenarios.TC_0004_GiftCards@210ab13f]" started-at="2024-05-08T14:07:08 IST" name="selectBirthdayOrAnniversary" finished-at="2024-05-08T14:07:08 IST" duration-ms="121" status="PASS">
          <reporter-output>
          </reporter-output>
        </test-method> <!-- selectBirthdayOrAnniversary -->
        <test-method signature="enteringPriceAmount()[pri:25, instance:testScenarios.TC_0004_GiftCards@210ab13f]" started-at="2024-05-08T14:07:08 IST" name="enteringPriceAmount" finished-at="2024-05-08T14:07:08 IST" duration-ms="150" status="PASS">
          <reporter-output>
          </reporter-output>
        </test-method> <!-- enteringPriceAmount -->
        <test-method signature="clickOnNextbtn()[pri:26, instance:testScenarios.TC_0004_GiftCards@210ab13f]" started-at="2024-05-08T14:07:09 IST" name="clickOnNextbtn" finished-at="2024-05-08T14:07:09 IST" duration-ms="134" status="PASS">
          <reporter-output>
          </reporter-output>
        </test-method> <!-- clickOnNextbtn -->
        <test-method signature="enterNameofRecipient()[pri:27, instance:testScenarios.TC_0004_GiftCards@210ab13f]" started-at="2024-05-08T14:07:09 IST" name="enterNameofRecipient" finished-at="2024-05-08T14:07:09 IST" duration-ms="179" status="PASS">
          <reporter-output>
          </reporter-output>
        </test-method> <!-- enterNameofRecipient -->
        <test-method signature="enterEmailofRecipient()[pri:28, instance:testScenarios.TC_0004_GiftCards@210ab13f]" started-at="2024-05-08T14:07:09 IST" name="enterEmailofRecipient" finished-at="2024-05-08T14:07:10 IST" duration-ms="141" status="PASS">
          <reporter-output>
          </reporter-output>
        </test-method> <!-- enterEmailofRecipient -->
        <test-method signature="enterMobileofRecipient()[pri:29, instance:testScenarios.TC_0004_GiftCards@210ab13f]" started-at="2024-05-08T14:07:10 IST" name="enterMobileofRecipient" finished-at="2024-05-08T14:07:10 IST" duration-ms="115" status="PASS">
          <reporter-output>
          </reporter-output>
        </test-method> <!-- enterMobileofRecipient -->
        <test-method signature="enterNameofCustomer()[pri:30, instance:testScenarios.TC_0004_GiftCards@210ab13f]" started-at="2024-05-08T14:07:10 IST" name="enterNameofCustomer" finished-at="2024-05-08T14:07:10 IST" duration-ms="112" status="PASS">
          <reporter-output>
          </reporter-output>
        </test-method> <!-- enterNameofCustomer -->
        <test-method signature="enterEmailofCustomer()[pri:31, instance:testScenarios.TC_0004_GiftCards@210ab13f]" started-at="2024-05-08T14:07:10 IST" name="enterEmailofCustomer" finished-at="2024-05-08T14:07:10 IST" duration-ms="118" status="PASS">
          <reporter-output>
          </reporter-output>
        </test-method> <!-- enterEmailofCustomer -->
        <test-method signature="enterMobileNumberofCustomer()[pri:32, instance:testScenarios.TC_0004_GiftCards@210ab13f]" started-at="2024-05-08T14:07:11 IST" name="enterMobileNumberofCustomer" finished-at="2024-05-08T14:07:11 IST" duration-ms="108" status="PASS">
          <reporter-output>
          </reporter-output>
        </test-method> <!-- enterMobileNumberofCustomer -->
        <test-method signature="enterAddressofCustomer()[pri:33, instance:testScenarios.TC_0004_GiftCards@210ab13f]" started-at="2024-05-08T14:07:11 IST" name="enterAddressofCustomer" finished-at="2024-05-08T14:07:11 IST" duration-ms="101" status="PASS">
          <reporter-output>
          </reporter-output>
        </test-method> <!-- enterAddressofCustomer -->
        <test-method signature="enterPinofCustomerPin()[pri:34, instance:testScenarios.TC_0004_GiftCards@210ab13f]" started-at="2024-05-08T14:07:11 IST" name="enterPinofCustomerPin" finished-at="2024-05-08T14:07:11 IST" duration-ms="113" status="PASS">
          <reporter-output>
          </reporter-output>
        </test-method> <!-- enterPinofCustomerPin -->
        <test-method signature="enterMessageIfAny()[pri:35, instance:testScenarios.TC_0004_GiftCards@210ab13f]" started-at="2024-05-08T14:07:11 IST" name="enterMessageIfAny" finished-at="2024-05-08T14:07:11 IST" duration-ms="132" status="PASS">
          <reporter-output>
          </reporter-output>
        </test-method> <!-- enterMessageIfAny -->
        <test-method signature="clickOnConfirmbtn()[pri:36, instance:testScenarios.TC_0004_GiftCards@210ab13f]" started-at="2024-05-08T14:07:12 IST" name="clickOnConfirmbtn" finished-at="2024-05-08T14:07:15 IST" duration-ms="3190" status="PASS">
          <reporter-output>
          </reporter-output>
        </test-method> <!-- clickOnConfirmbtn -->
        <test-method signature="getErrorMessage()[pri:37, instance:testScenarios.TC_0004_GiftCards@210ab13f]" started-at="2024-05-08T14:07:15 IST" name="getErrorMessage" finished-at="2024-05-08T14:07:15 IST" duration-ms="17" status="PASS">
          <reporter-output>
          </reporter-output>
        </test-method> <!-- getErrorMessage -->
        <test-method signature="clearrecipientmail()[pri:38, instance:testScenarios.TC_0004_GiftCards@210ab13f]" started-at="2024-05-08T14:07:15 IST" name="clearrecipientmail" finished-at="2024-05-08T14:07:15 IST" duration-ms="107" status="PASS">
          <reporter-output>
          </reporter-output>
        </test-method> <!-- clearrecipientmail -->
        <test-method signature="enterCorrectDeatils()[pri:39, instance:testScenarios.TC_0004_GiftCards@210ab13f]" started-at="2024-05-08T14:07:15 IST" name="enterCorrectDeatils" finished-at="2024-05-08T14:07:15 IST" duration-ms="104" status="PASS">
          <reporter-output>
          </reporter-output>
        </test-method> <!-- enterCorrectDeatils -->
        <test-method signature="clickConfirmWithcorrectEmail()[pri:40, instance:testScenarios.TC_0004_GiftCards@210ab13f]" started-at="2024-05-08T14:07:16 IST" name="clickConfirmWithcorrectEmail" finished-at="2024-05-08T14:07:19 IST" duration-ms="3152" status="PASS">
          <reporter-output>
          </reporter-output>
        </test-method> <!-- clickConfirmWithcorrectEmail -->
        <test-method signature="confirmDetails()[pri:41, instance:testScenarios.TC_0004_GiftCards@210ab13f]" started-at="2024-05-08T14:07:19 IST" name="confirmDetails" finished-at="2024-05-08T14:07:19 IST" duration-ms="39" status="PASS">
          <reporter-output>
          </reporter-output>
        </test-method> <!-- confirmDetails -->
      </class> <!-- testScenarios.TC_0004_GiftCards -->
    </test> <!-- Test -->
  </suite> <!-- Suite -->
</testng-results>
